<nodeTypes xmlns:nt="http://www.jcp.org/jcr/nt/1.0" xmlns:mix="http://www.jcp.org/jcr/mix/1.0" xmlns:jcr="http://www.jcp.org/jcr/1.0" xmlns:dc="http://purl.org/dc/elements/1.1">

   <nodeType name="exo:unstructuredMixin" isMixin="true" hasOrderableChildNodes="false" primaryItemName="">
      <supertypes>
         <supertype>nt:base</supertype>
      </supertypes>
      <propertyDefinitions>
         <propertyDefinition name="*" requiredType="undefined" autoCreated="false" mandatory="false" onParentVersion="COPY" protected="false" multiple="false">
         </propertyDefinition>
         <propertyDefinition name="*" requiredType="undefined" autoCreated="false" mandatory="false" onParentVersion="COPY" protected="false" multiple="true">
         </propertyDefinition>
      </propertyDefinitions>
   </nodeType>
</nodeTypes>