<?xml version="1.0" encoding="UTF-8"?>
<project xmlns="http://maven.apache.org/POM/4.0.0" xmlns:xsi="http://www.w3.org/2001/XMLSchema-instance" xsi:schemaLocation="http://maven.apache.org/POM/4.0.0 http://maven.apache.org/xsd/maven-4.0.0.xsd">
    <modelVersion>4.0.0</modelVersion>
    <parent>
        <artifactId>parent</artifactId>
        <groupId>parent</groupId>
        <version>x.x.x</version>
    </parent>
    <artifactId>a</artifactId>
    <packaging>jar</packaging>
    <name>A</name>
    <dependencies>
        <dependency>
            <groupId>x</groupId>
            <artifactId>y</artifactId>
            <version>z</version>
        </dependency>
    </dependencies>
</project>
